<?xml version="1.0" encoding="UTF-8"?>
<testng-results ignored="0" total="3" passed="3" failed="0" skipped="0">
  <reporter-output>
  </reporter-output>
  <suite started-at="2025-04-23T11:43:10 IST" name="Suite" finished-at="2025-04-23T11:43:10 IST" duration-ms="75">
    <groups>
      <group name="smoke">
        <method signature="TestNgAnnotations.test01()[pri:0, instance:testNg.TestNgAnnotations@33d512c1]" name="test01" class="testNg.TestNgAnnotations"/>
      </group> <!-- smoke -->
    </groups>
    <test started-at="2025-04-23T11:43:10 IST" name="Test" finished-at="2025-04-23T11:43:10 IST" duration-ms="75">
      <class name="testNg.TestNgAnnotations">
        <test-method signature="dataProviderName(java.lang.String,java.lang.String)[pri:0, instance:testNg.TestNgAnnotations@33d512c1]" started-at="2025-04-23T11:43:10 IST" name="dataProviderName" data-provider="loginData" finished-at="2025-04-23T11:43:10 IST" duration-ms="5" status="PASS">
          <params>
            <param index="0">
              <value>
                <![CDATA[username3]]>
              </value>
            </param>
            <param index="1">
              <value>
                <![CDATA[password3]]>
              </value>
            </param>
          </params>
          <reporter-output>
          </reporter-output>
        </test-method> <!-- dataProviderName -->
        <test-method signature="dataProviderName(java.lang.String,java.lang.String)[pri:0, instance:testNg.TestNgAnnotations@33d512c1]" started-at="2025-04-23T11:43:10 IST" name="dataProviderName" data-provider="loginData" finished-at="2025-04-23T11:43:10 IST" duration-ms="5" status="PASS">
          <params>
            <param index="0">
              <value>
                <![CDATA[username1]]>
              </value>
            </param>
            <param index="1">
              <value>
                <![CDATA[password1]]>
              </value>
            </param>
          </params>
          <reporter-output>
          </reporter-output>
        </test-method> <!-- dataProviderName -->
        <test-method signature="test01()[pri:0, instance:testNg.TestNgAnnotations@33d512c1]" started-at="2025-04-23T11:43:10 IST" name="test01" finished-at="2025-04-23T11:43:10 IST" duration-ms="2" status="PASS">
          <reporter-output>
          </reporter-output>
        </test-method> <!-- test01 -->
      </class> <!-- testNg.TestNgAnnotations -->
    </test> <!-- Test -->
  </suite> <!-- Suite -->
</testng-results>
