<?xml version="1.0" encoding="UTF-8"?>
<testng-results ignored="0" total="1" passed="1" failed="0" skipped="0">
  <reporter-output>
  </reporter-output>
  <suite started-at="2025-02-04T10:56:29 IST" name="Suite" finished-at="2025-02-04T10:56:29 IST" duration-ms="43">
    <groups>
      <group name="smoke">
        <method signature="TestNgAnnotations.test01()[pri:0, instance:testNg.TestNgAnnotations@4218d6a3]" name="test01" class="testNg.TestNgAnnotations"/>
      </group> <!-- smoke -->
    </groups>
    <test started-at="2025-02-04T10:56:29 IST" name="Test" finished-at="2025-02-04T10:56:29 IST" duration-ms="43">
      <class name="testNg.TestNgAnnotations">
        <test-method signature="test01()[pri:0, instance:testNg.TestNgAnnotations@4218d6a3]" started-at="2025-02-04T10:56:29 IST" name="test01" finished-at="2025-02-04T10:56:29 IST" duration-ms="6" status="PASS">
          <reporter-output>
          </reporter-output>
        </test-method> <!-- test01 -->
      </class> <!-- testNg.TestNgAnnotations -->
    </test> <!-- Test -->
  </suite> <!-- Suite -->
</testng-results>
