<?xml version="1.0" encoding="UTF-8"?>
<!-- Generated by org.testng.reporters.JUnitXMLReporter -->
<testsuite ignored="0" hostname="MAVCHN1121673" failures="0" tests="3" name="Default test" time="0.072" errors="0" timestamp="2025-04-23T11:38:20 IST">
  <testcase classname="testNg.TestNgAnnotations" name="dataProviderName" time="0.006"/>
  <testcase classname="testNg.TestNgAnnotations" name="dataProviderName" time="0.006"/>
  <testcase classname="testNg.TestNgAnnotations" name="test01" time="0.001"/>
</testsuite> <!-- Default test -->
