<?xml version="1.0" encoding="UTF-8"?>
<!-- Generated by org.testng.reporters.JUnitXMLReporter -->
<testsuite ignored="0" hostname="MAVCHN1121673" failures="0" tests="3" name="Test" time="0.075" errors="0" timestamp="2025-04-23T11:43:10 IST">
  <testcase classname="testNg.TestNgAnnotations" name="dataProviderName" time="0.005"/>
  <testcase classname="testNg.TestNgAnnotations" name="dataProviderName" time="0.005"/>
  <testcase classname="testNg.TestNgAnnotations" name="test01" time="0.002"/>
</testsuite> <!-- Test -->
